Pig Stack Trace
---------------
ERROR 2999: Unexpected internal error. java.net.URISyntaxException: Illegal character in scheme name at index 0: 'hdfs://localhost:54310/user/pig/NYSE/input/q-1.pig'

java.lang.IllegalArgumentException: java.net.URISyntaxException: Illegal character in scheme name at index 0: 'hdfs://localhost:54310/user/pig/NYSE/input/q-1.pig'
	at org.apache.hadoop.fs.Path.initialize(Path.java:205)
	at org.apache.hadoop.fs.Path.<init>(Path.java:171)
	at org.apache.pig.impl.io.FileLocalizer.fetchFilesInternal(FileLocalizer.java:789)
	at org.apache.pig.impl.io.FileLocalizer.fetchFile(FileLocalizer.java:756)
	at org.apache.pig.tools.grunt.GruntParser.loadScript(GruntParser.java:523)
	at org.apache.pig.tools.grunt.GruntParser.processScript(GruntParser.java:498)
	at org.apache.pig.tools.pigscript.parser.PigScriptParser.Script(PigScriptParser.java:1030)
	at org.apache.pig.tools.pigscript.parser.PigScriptParser.parse(PigScriptParser.java:554)
	at org.apache.pig.tools.grunt.GruntParser.parseStopOnError(GruntParser.java:231)
	at org.apache.pig.tools.grunt.GruntParser.parseStopOnError(GruntParser.java:206)
	at org.apache.pig.tools.grunt.Grunt.run(Grunt.java:66)
	at org.apache.pig.Main.run(Main.java:564)
	at org.apache.pig.Main.main(Main.java:176)
	at sun.reflect.NativeMethodAccessorImpl.invoke0(Native Method)
	at sun.reflect.NativeMethodAccessorImpl.invoke(NativeMethodAccessorImpl.java:62)
	at sun.reflect.DelegatingMethodAccessorImpl.invoke(DelegatingMethodAccessorImpl.java:43)
	at java.lang.reflect.Method.invoke(Method.java:498)
	at org.apache.hadoop.util.RunJar.run(RunJar.java:221)
	at org.apache.hadoop.util.RunJar.main(RunJar.java:136)
Caused by: java.net.URISyntaxException: Illegal character in scheme name at index 0: 'hdfs://localhost:54310/user/pig/NYSE/input/q-1.pig'
	at java.net.URI$Parser.fail(URI.java:2848)
	at java.net.URI$Parser.checkChars(URI.java:3021)
	at java.net.URI$Parser.checkChar(URI.java:3031)
	at java.net.URI$Parser.parse(URI.java:3047)
	at java.net.URI.<init>(URI.java:746)
	at org.apache.hadoop.fs.Path.initialize(Path.java:202)
	... 18 more
================================================================================
