Pig Stack Trace
---------------
ERROR 1031: Incompatible schema: left is "exchange:chararray,ticker:chararray,year:int,month:int,open:float,high:float,low:float,close:float,volume:float,adjclose:float", right is "adjclose:float"

Failed to parse: Pig script failed to parse: 
<line 3, column 21> pig script failed to validate: org.apache.pig.impl.logicalLayer.FrontendException: ERROR 1031: Incompatible schema: left is "exchange:chararray,ticker:chararray,year:int,month:int,open:float,high:float,low:float,close:float,volume:float,adjclose:float", right is "adjclose:float"
	at org.apache.pig.parser.QueryParserDriver.parse(QueryParserDriver.java:199)
	at org.apache.pig.PigServer$Graph.validateQuery(PigServer.java:1791)
	at org.apache.pig.PigServer$Graph.registerQuery(PigServer.java:1764)
	at org.apache.pig.PigServer.registerQuery(PigServer.java:707)
	at org.apache.pig.tools.grunt.GruntParser.processPig(GruntParser.java:1075)
	at org.apache.pig.tools.pigscript.parser.PigScriptParser.parse(PigScriptParser.java:505)
	at org.apache.pig.tools.grunt.GruntParser.parseStopOnError(GruntParser.java:231)
	at org.apache.pig.tools.grunt.GruntParser.parseStopOnError(GruntParser.java:206)
	at org.apache.pig.tools.grunt.Grunt.run(Grunt.java:66)
	at org.apache.pig.Main.run(Main.java:564)
	at org.apache.pig.Main.main(Main.java:176)
	at sun.reflect.NativeMethodAccessorImpl.invoke0(Native Method)
	at sun.reflect.NativeMethodAccessorImpl.invoke(NativeMethodAccessorImpl.java:62)
	at sun.reflect.DelegatingMethodAccessorImpl.invoke(DelegatingMethodAccessorImpl.java:43)
	at java.lang.reflect.Method.invoke(Method.java:498)
	at org.apache.hadoop.util.RunJar.run(RunJar.java:221)
	at org.apache.hadoop.util.RunJar.main(RunJar.java:136)
Caused by: 
<line 3, column 21> pig script failed to validate: org.apache.pig.impl.logicalLayer.FrontendException: ERROR 1031: Incompatible schema: left is "exchange:chararray,ticker:chararray,year:int,month:int,open:float,high:float,low:float,close:float,volume:float,adjclose:float", right is "adjclose:float"
	at org.apache.pig.parser.LogicalPlanBuilder.buildForeachOp(LogicalPlanBuilder.java:1057)
	at org.apache.pig.parser.LogicalPlanGenerator.foreach_clause(LogicalPlanGenerator.java:15896)
	at org.apache.pig.parser.LogicalPlanGenerator.op_clause(LogicalPlanGenerator.java:1933)
	at org.apache.pig.parser.LogicalPlanGenerator.general_statement(LogicalPlanGenerator.java:1102)
	at org.apache.pig.parser.LogicalPlanGenerator.statement(LogicalPlanGenerator.java:560)
	at org.apache.pig.parser.LogicalPlanGenerator.query(LogicalPlanGenerator.java:421)
	at org.apache.pig.parser.QueryParserDriver.parse(QueryParserDriver.java:191)
	... 16 more
Caused by: org.apache.pig.impl.logicalLayer.FrontendException: ERROR 1031: Incompatible schema: left is "exchange:chararray,ticker:chararray,year:int,month:int,open:float,high:float,low:float,close:float,volume:float,adjclose:float", right is "adjclose:float"
	at org.apache.pig.newplan.logical.relational.LogicalSchema.merge(LogicalSchema.java:776)
	at org.apache.pig.newplan.logical.relational.LOGenerate.getSchema(LOGenerate.java:158)
	at org.apache.pig.newplan.logical.optimizer.SchemaResetter.visit(SchemaResetter.java:123)
	at org.apache.pig.newplan.logical.relational.LOGenerate.accept(LOGenerate.java:245)
	at org.apache.pig.newplan.DependencyOrderWalker.walk(DependencyOrderWalker.java:75)
	at org.apache.pig.newplan.logical.optimizer.SchemaResetter.visit(SchemaResetter.java:114)
	at org.apache.pig.parser.LogicalPlanBuilder.buildForeachOp(LogicalPlanBuilder.java:1055)
	... 22 more
================================================================================
Pig Stack Trace
---------------
ERROR 1031: Incompatible schema: left is "exchange:chararray,ticker:chararray,year:int,month:int,open:float,high:float,low:float,close:float,volume:float,adjclose:float", right is "org.apache.pig.builtin.totuple_volume_7:tuple(exchange:chararray,ticker:chararray,org.apache.pig.builtin.getyear_date_4:int,org.apache.pig.builtin.getmonth_date_5:int,org.apache.pig.builtin.getday_date_6:int,open:float,high:float,low:float,close:float,volume:int,adjclose:float)"

Failed to parse: Pig script failed to parse: 
<line 3, column 21> pig script failed to validate: org.apache.pig.impl.logicalLayer.FrontendException: ERROR 1031: Incompatible schema: left is "exchange:chararray,ticker:chararray,year:int,month:int,open:float,high:float,low:float,close:float,volume:float,adjclose:float", right is "org.apache.pig.builtin.totuple_volume_7:tuple(exchange:chararray,ticker:chararray,org.apache.pig.builtin.getyear_date_4:int,org.apache.pig.builtin.getmonth_date_5:int,org.apache.pig.builtin.getday_date_6:int,open:float,high:float,low:float,close:float,volume:int,adjclose:float)"
	at org.apache.pig.parser.QueryParserDriver.parse(QueryParserDriver.java:199)
	at org.apache.pig.PigServer$Graph.validateQuery(PigServer.java:1791)
	at org.apache.pig.PigServer$Graph.registerQuery(PigServer.java:1764)
	at org.apache.pig.PigServer.registerQuery(PigServer.java:707)
	at org.apache.pig.tools.grunt.GruntParser.processPig(GruntParser.java:1075)
	at org.apache.pig.tools.pigscript.parser.PigScriptParser.parse(PigScriptParser.java:505)
	at org.apache.pig.tools.grunt.GruntParser.parseStopOnError(GruntParser.java:231)
	at org.apache.pig.tools.grunt.GruntParser.parseStopOnError(GruntParser.java:206)
	at org.apache.pig.tools.grunt.Grunt.run(Grunt.java:66)
	at org.apache.pig.Main.run(Main.java:564)
	at org.apache.pig.Main.main(Main.java:176)
	at sun.reflect.NativeMethodAccessorImpl.invoke0(Native Method)
	at sun.reflect.NativeMethodAccessorImpl.invoke(NativeMethodAccessorImpl.java:62)
	at sun.reflect.DelegatingMethodAccessorImpl.invoke(DelegatingMethodAccessorImpl.java:43)
	at java.lang.reflect.Method.invoke(Method.java:498)
	at org.apache.hadoop.util.RunJar.run(RunJar.java:221)
	at org.apache.hadoop.util.RunJar.main(RunJar.java:136)
Caused by: 
<line 3, column 21> pig script failed to validate: org.apache.pig.impl.logicalLayer.FrontendException: ERROR 1031: Incompatible schema: left is "exchange:chararray,ticker:chararray,year:int,month:int,open:float,high:float,low:float,close:float,volume:float,adjclose:float", right is "org.apache.pig.builtin.totuple_volume_7:tuple(exchange:chararray,ticker:chararray,org.apache.pig.builtin.getyear_date_4:int,org.apache.pig.builtin.getmonth_date_5:int,org.apache.pig.builtin.getday_date_6:int,open:float,high:float,low:float,close:float,volume:int,adjclose:float)"
	at org.apache.pig.parser.LogicalPlanBuilder.buildForeachOp(LogicalPlanBuilder.java:1057)
	at org.apache.pig.parser.LogicalPlanGenerator.foreach_clause(LogicalPlanGenerator.java:15896)
	at org.apache.pig.parser.LogicalPlanGenerator.op_clause(LogicalPlanGenerator.java:1933)
	at org.apache.pig.parser.LogicalPlanGenerator.general_statement(LogicalPlanGenerator.java:1102)
	at org.apache.pig.parser.LogicalPlanGenerator.statement(LogicalPlanGenerator.java:560)
	at org.apache.pig.parser.LogicalPlanGenerator.query(LogicalPlanGenerator.java:421)
	at org.apache.pig.parser.QueryParserDriver.parse(QueryParserDriver.java:191)
	... 16 more
Caused by: org.apache.pig.impl.logicalLayer.FrontendException: ERROR 1031: Incompatible schema: left is "exchange:chararray,ticker:chararray,year:int,month:int,open:float,high:float,low:float,close:float,volume:float,adjclose:float", right is "org.apache.pig.builtin.totuple_volume_7:tuple(exchange:chararray,ticker:chararray,org.apache.pig.builtin.getyear_date_4:int,org.apache.pig.builtin.getmonth_date_5:int,org.apache.pig.builtin.getday_date_6:int,open:float,high:float,low:float,close:float,volume:int,adjclose:float)"
	at org.apache.pig.newplan.logical.relational.LogicalSchema.merge(LogicalSchema.java:776)
	at org.apache.pig.newplan.logical.relational.LOGenerate.getSchema(LOGenerate.java:158)
	at org.apache.pig.newplan.logical.optimizer.SchemaResetter.visit(SchemaResetter.java:123)
	at org.apache.pig.newplan.logical.relational.LOGenerate.accept(LOGenerate.java:245)
	at org.apache.pig.newplan.DependencyOrderWalker.walk(DependencyOrderWalker.java:75)
	at org.apache.pig.newplan.logical.optimizer.SchemaResetter.visit(SchemaResetter.java:114)
	at org.apache.pig.parser.LogicalPlanBuilder.buildForeachOp(LogicalPlanBuilder.java:1055)
	... 22 more
================================================================================
Pig Stack Trace
---------------
ERROR 1200: <line 5, column 43>  Syntax error, unexpected symbol at or near '('

Failed to parse: <line 5, column 43>  Syntax error, unexpected symbol at or near '('
	at org.apache.pig.parser.QueryParserDriver.parse(QueryParserDriver.java:244)
	at org.apache.pig.parser.QueryParserDriver.parse(QueryParserDriver.java:182)
	at org.apache.pig.PigServer$Graph.validateQuery(PigServer.java:1791)
	at org.apache.pig.PigServer$Graph.registerQuery(PigServer.java:1764)
	at org.apache.pig.PigServer.registerQuery(PigServer.java:707)
	at org.apache.pig.tools.grunt.GruntParser.processPig(GruntParser.java:1075)
	at org.apache.pig.tools.pigscript.parser.PigScriptParser.parse(PigScriptParser.java:505)
	at org.apache.pig.tools.grunt.GruntParser.parseStopOnError(GruntParser.java:231)
	at org.apache.pig.tools.grunt.GruntParser.parseStopOnError(GruntParser.java:206)
	at org.apache.pig.tools.grunt.Grunt.run(Grunt.java:66)
	at org.apache.pig.Main.run(Main.java:564)
	at org.apache.pig.Main.main(Main.java:176)
	at sun.reflect.NativeMethodAccessorImpl.invoke0(Native Method)
	at sun.reflect.NativeMethodAccessorImpl.invoke(NativeMethodAccessorImpl.java:62)
	at sun.reflect.DelegatingMethodAccessorImpl.invoke(DelegatingMethodAccessorImpl.java:43)
	at java.lang.reflect.Method.invoke(Method.java:498)
	at org.apache.hadoop.util.RunJar.run(RunJar.java:221)
	at org.apache.hadoop.util.RunJar.main(RunJar.java:136)
================================================================================
Pig Stack Trace
---------------
ERROR 1025: 
<line 5, column 48> Invalid field projection. Projected field [ticker] does not exist in schema: org.apache.pig.builtin.totuple_volume_499:tuple(exchange:chararray,ticker:chararray,org.apache.pig.builtin.getyear_date_496:int,org.apache.pig.builtin.getmonth_date_497:int,org.apache.pig.builtin.getday_date_498:int,open:float,high:float,low:float,close:float,volume:int,adjclose:float).

org.apache.pig.impl.plan.PlanValidationException: ERROR 1025: 
<line 5, column 48> Invalid field projection. Projected field [ticker] does not exist in schema: org.apache.pig.builtin.totuple_volume_499:tuple(exchange:chararray,ticker:chararray,org.apache.pig.builtin.getyear_date_496:int,org.apache.pig.builtin.getmonth_date_497:int,org.apache.pig.builtin.getday_date_498:int,open:float,high:float,low:float,close:float,volume:int,adjclose:float).
	at org.apache.pig.newplan.logical.expression.ProjectExpression.findColNum(ProjectExpression.java:191)
	at org.apache.pig.newplan.logical.expression.ProjectExpression.setColumnNumberFromAlias(ProjectExpression.java:174)
	at org.apache.pig.newplan.logical.visitor.ColumnAliasConversionVisitor$1.visit(ColumnAliasConversionVisitor.java:53)
	at org.apache.pig.newplan.logical.expression.ProjectExpression.accept(ProjectExpression.java:215)
	at org.apache.pig.newplan.DependencyOrderWalker.walk(DependencyOrderWalker.java:75)
	at org.apache.pig.newplan.PlanVisitor.visit(PlanVisitor.java:52)
	at org.apache.pig.newplan.logical.optimizer.AllExpressionVisitor.visitAll(AllExpressionVisitor.java:72)
	at org.apache.pig.newplan.logical.optimizer.AllExpressionVisitor.visit(AllExpressionVisitor.java:112)
	at org.apache.pig.newplan.logical.relational.LOCogroup.accept(LOCogroup.java:235)
	at org.apache.pig.newplan.DependencyOrderWalker.walk(DependencyOrderWalker.java:75)
	at org.apache.pig.newplan.PlanVisitor.visit(PlanVisitor.java:52)
	at org.apache.pig.newplan.logical.relational.LogicalPlan.validate(LogicalPlan.java:175)
	at org.apache.pig.PigServer$Graph.validateQuery(PigServer.java:1792)
	at org.apache.pig.PigServer$Graph.registerQuery(PigServer.java:1764)
	at org.apache.pig.PigServer.registerQuery(PigServer.java:707)
	at org.apache.pig.tools.grunt.GruntParser.processPig(GruntParser.java:1075)
	at org.apache.pig.tools.pigscript.parser.PigScriptParser.parse(PigScriptParser.java:505)
	at org.apache.pig.tools.grunt.GruntParser.parseStopOnError(GruntParser.java:231)
	at org.apache.pig.tools.grunt.GruntParser.parseStopOnError(GruntParser.java:206)
	at org.apache.pig.tools.grunt.Grunt.run(Grunt.java:66)
	at org.apache.pig.Main.run(Main.java:564)
	at org.apache.pig.Main.main(Main.java:176)
	at sun.reflect.NativeMethodAccessorImpl.invoke0(Native Method)
	at sun.reflect.NativeMethodAccessorImpl.invoke(NativeMethodAccessorImpl.java:62)
	at sun.reflect.DelegatingMethodAccessorImpl.invoke(DelegatingMethodAccessorImpl.java:43)
	at java.lang.reflect.Method.invoke(Method.java:498)
	at org.apache.hadoop.util.RunJar.run(RunJar.java:221)
	at org.apache.hadoop.util.RunJar.main(RunJar.java:136)
================================================================================
Pig Stack Trace
---------------
ERROR 1025: 
<line 6, column 55> Invalid field projection. Projected field [getyear_date_492] does not exist in schema: exchange:chararray,ticker:chararray,org.apache.pig.builtin.getyear_date_555:int,org.apache.pig.builtin.getmonth_date_556:int,org.apache.pig.builtin.getday_date_557:int,open:float,high:float,low:float,close:float,volume:int,adjclose:float.

org.apache.pig.impl.plan.PlanValidationException: ERROR 1025: 
<line 6, column 55> Invalid field projection. Projected field [getyear_date_492] does not exist in schema: exchange:chararray,ticker:chararray,org.apache.pig.builtin.getyear_date_555:int,org.apache.pig.builtin.getmonth_date_556:int,org.apache.pig.builtin.getday_date_557:int,open:float,high:float,low:float,close:float,volume:int,adjclose:float.
	at org.apache.pig.newplan.logical.expression.ProjectExpression.findColNum(ProjectExpression.java:191)
	at org.apache.pig.newplan.logical.expression.ProjectExpression.setColumnNumberFromAlias(ProjectExpression.java:174)
	at org.apache.pig.newplan.logical.visitor.ColumnAliasConversionVisitor$1.visit(ColumnAliasConversionVisitor.java:53)
	at org.apache.pig.newplan.logical.expression.ProjectExpression.accept(ProjectExpression.java:215)
	at org.apache.pig.newplan.DependencyOrderWalker.walk(DependencyOrderWalker.java:75)
	at org.apache.pig.newplan.PlanVisitor.visit(PlanVisitor.java:52)
	at org.apache.pig.newplan.logical.optimizer.AllExpressionVisitor.visitAll(AllExpressionVisitor.java:72)
	at org.apache.pig.newplan.logical.optimizer.AllExpressionVisitor.visit(AllExpressionVisitor.java:112)
	at org.apache.pig.newplan.logical.relational.LOCogroup.accept(LOCogroup.java:235)
	at org.apache.pig.newplan.DependencyOrderWalker.walk(DependencyOrderWalker.java:75)
	at org.apache.pig.newplan.PlanVisitor.visit(PlanVisitor.java:52)
	at org.apache.pig.newplan.logical.relational.LogicalPlan.validate(LogicalPlan.java:175)
	at org.apache.pig.PigServer$Graph.validateQuery(PigServer.java:1792)
	at org.apache.pig.PigServer$Graph.registerQuery(PigServer.java:1764)
	at org.apache.pig.PigServer.registerQuery(PigServer.java:707)
	at org.apache.pig.tools.grunt.GruntParser.processPig(GruntParser.java:1075)
	at org.apache.pig.tools.pigscript.parser.PigScriptParser.parse(PigScriptParser.java:505)
	at org.apache.pig.tools.grunt.GruntParser.parseStopOnError(GruntParser.java:231)
	at org.apache.pig.tools.grunt.GruntParser.parseStopOnError(GruntParser.java:206)
	at org.apache.pig.tools.grunt.Grunt.run(Grunt.java:66)
	at org.apache.pig.Main.run(Main.java:564)
	at org.apache.pig.Main.main(Main.java:176)
	at sun.reflect.NativeMethodAccessorImpl.invoke0(Native Method)
	at sun.reflect.NativeMethodAccessorImpl.invoke(NativeMethodAccessorImpl.java:62)
	at sun.reflect.DelegatingMethodAccessorImpl.invoke(DelegatingMethodAccessorImpl.java:43)
	at java.lang.reflect.Method.invoke(Method.java:498)
	at org.apache.hadoop.util.RunJar.run(RunJar.java:221)
	at org.apache.hadoop.util.RunJar.main(RunJar.java:136)
================================================================================
Pig Stack Trace
---------------
ERROR 1000: 
<line 6, column 77> Invalid field reference. Referenced field [getyear_date_568] does not exist in schema: .

org.apache.pig.impl.plan.PlanValidationException: ERROR 1000: 
<line 6, column 77> Invalid field reference. Referenced field [getyear_date_568] does not exist in schema: .
	at org.apache.pig.newplan.logical.visitor.ColumnAliasConversionVisitor$1.visit(ColumnAliasConversionVisitor.java:91)
	at org.apache.pig.newplan.logical.expression.DereferenceExpression.accept(DereferenceExpression.java:84)
	at org.apache.pig.newplan.DependencyOrderWalker.walk(DependencyOrderWalker.java:75)
	at org.apache.pig.newplan.PlanVisitor.visit(PlanVisitor.java:52)
	at org.apache.pig.newplan.logical.optimizer.AllExpressionVisitor.visitAll(AllExpressionVisitor.java:72)
	at org.apache.pig.newplan.logical.optimizer.AllExpressionVisitor.visit(AllExpressionVisitor.java:112)
	at org.apache.pig.newplan.logical.relational.LOCogroup.accept(LOCogroup.java:235)
	at org.apache.pig.newplan.DependencyOrderWalker.walk(DependencyOrderWalker.java:75)
	at org.apache.pig.newplan.PlanVisitor.visit(PlanVisitor.java:52)
	at org.apache.pig.newplan.logical.relational.LogicalPlan.validate(LogicalPlan.java:175)
	at org.apache.pig.PigServer$Graph.validateQuery(PigServer.java:1792)
	at org.apache.pig.PigServer$Graph.registerQuery(PigServer.java:1764)
	at org.apache.pig.PigServer.registerQuery(PigServer.java:707)
	at org.apache.pig.tools.grunt.GruntParser.processPig(GruntParser.java:1075)
	at org.apache.pig.tools.pigscript.parser.PigScriptParser.parse(PigScriptParser.java:505)
	at org.apache.pig.tools.grunt.GruntParser.parseStopOnError(GruntParser.java:231)
	at org.apache.pig.tools.grunt.GruntParser.parseStopOnError(GruntParser.java:206)
	at org.apache.pig.tools.grunt.Grunt.run(Grunt.java:66)
	at org.apache.pig.Main.run(Main.java:564)
	at org.apache.pig.Main.main(Main.java:176)
	at sun.reflect.NativeMethodAccessorImpl.invoke0(Native Method)
	at sun.reflect.NativeMethodAccessorImpl.invoke(NativeMethodAccessorImpl.java:62)
	at sun.reflect.DelegatingMethodAccessorImpl.invoke(DelegatingMethodAccessorImpl.java:43)
	at java.lang.reflect.Method.invoke(Method.java:498)
	at org.apache.hadoop.util.RunJar.run(RunJar.java:221)
	at org.apache.hadoop.util.RunJar.main(RunJar.java:136)
================================================================================
